0 info it worked if it ends with ok
1 verbose cli [ '/opt/nvm/v0.10.35/bin/node',
1 verbose cli   '/opt/nvm/v0.10.35/bin/npm',
1 verbose cli   'install',
1 verbose cli   '-g',
1 verbose cli   'tsd' ]
2 info using npm@1.4.28
3 info using node@v0.10.35
4 verbose cache add [ 'tsd', null ]
5 verbose cache add name=undefined spec="tsd" args=["tsd",null]
6 verbose parsed url { protocol: null,
6 verbose parsed url   slashes: null,
6 verbose parsed url   auth: null,
6 verbose parsed url   host: null,
6 verbose parsed url   port: null,
6 verbose parsed url   hostname: null,
6 verbose parsed url   hash: null,
6 verbose parsed url   search: null,
6 verbose parsed url   query: null,
6 verbose parsed url   pathname: 'tsd',
6 verbose parsed url   path: 'tsd',
6 verbose parsed url   href: 'tsd' }
7 silly lockFile 6d3ed5a2-tsd tsd
8 verbose lock tsd /home/vagrant/.npm/6d3ed5a2-tsd.lock
9 silly lockFile 6d3ed5a2-tsd tsd
10 silly lockFile 6d3ed5a2-tsd tsd
11 verbose addNamed [ 'tsd', '' ]
12 verbose addNamed [ null, '*' ]
13 silly lockFile ff70fa42-tsd tsd@
14 verbose lock tsd@ /home/vagrant/.npm/ff70fa42-tsd.lock
15 silly addNameRange { name: 'tsd', range: '*', hasData: false }
16 verbose request where is /tsd
17 verbose request registry https://registry.npmjs.org/
18 verbose request id a4b4019a0c4c783e
19 verbose url raw /tsd
20 verbose url resolving [ 'https://registry.npmjs.org/', './tsd' ]
21 verbose url resolved https://registry.npmjs.org/tsd
22 verbose request where is https://registry.npmjs.org/tsd
23 info trying registry request attempt 1 at 16:48:08
24 http GET https://registry.npmjs.org/tsd
25 http 200 https://registry.npmjs.org/tsd
26 silly registry.get cb [ 200,
26 silly registry.get   { server: 'CouchDB/1.5.0 (Erlang OTP/R16B03)',
26 silly registry.get     etag: '"C6733DQDLQ286EY6JF4JFKSPE"',
26 silly registry.get     'content-type': 'application/json',
26 silly registry.get     'cache-control': 'max-age=60',
26 silly registry.get     'content-length': '65244',
26 silly registry.get     'accept-ranges': 'bytes',
26 silly registry.get     date: 'Sun, 05 Jul 2015 16:51:11 GMT',
26 silly registry.get     via: '1.1 varnish',
26 silly registry.get     age: '0',
26 silly registry.get     connection: 'keep-alive',
26 silly registry.get     'x-served-by': 'cache-nrt6124-NRT',
26 silly registry.get     'x-cache': 'HIT',
26 silly registry.get     'x-cache-hits': '1',
26 silly registry.get     'x-timer': 'S1436115070.899106,VS0,VE751',
26 silly registry.get     vary: 'Accept' } ]
27 silly addNameRange number 2 { name: 'tsd', range: '*', hasData: true }
28 silly addNameRange versions [ 'tsd',
28 silly addNameRange   [ '0.1.0',
28 silly addNameRange     '0.1.1',
28 silly addNameRange     '0.1.2',
28 silly addNameRange     '0.2.0',
28 silly addNameRange     '0.2.1',
28 silly addNameRange     '0.2.2',
28 silly addNameRange     '0.3.0',
28 silly addNameRange     '0.3.1',
28 silly addNameRange     '0.5.2',
28 silly addNameRange     '0.5.3',
28 silly addNameRange     '0.5.5',
28 silly addNameRange     '0.5.6',
28 silly addNameRange     '0.5.7',
28 silly addNameRange     '0.6.0-beta.1',
28 silly addNameRange     '0.6.0-beta.2',
28 silly addNameRange     '0.6.0-beta.3',
28 silly addNameRange     '0.6.0-beta.4',
28 silly addNameRange     '0.6.0-beta.5',
28 silly addNameRange     '0.6.0',
28 silly addNameRange     '0.6.1',
28 silly addNameRange     '0.6.3' ] ]
29 verbose addNamed [ 'tsd', '0.6.3' ]
30 verbose addNamed [ '0.6.3', '0.6.3' ]
31 silly lockFile f2daf003-tsd-0-6-3 tsd@0.6.3
32 verbose lock tsd@0.6.3 /home/vagrant/.npm/f2daf003-tsd-0-6-3.lock
33 silly lockFile 9de42e57-stry-npmjs-org-tsd-tsd-0-6-3-tgz https://registry.npmjs.org/tsd/-/tsd-0.6.3.tgz
34 verbose lock https://registry.npmjs.org/tsd/-/tsd-0.6.3.tgz /home/vagrant/.npm/9de42e57-stry-npmjs-org-tsd-tsd-0-6-3-tgz.lock
35 verbose addRemoteTarball [ 'https://registry.npmjs.org/tsd/-/tsd-0.6.3.tgz',
35 verbose addRemoteTarball   '68e62e19e5bca20e637cae05b999a942d012f2ba' ]
36 info retry fetch attempt 1 at 16:48:14
37 verbose fetch to= /tmp/npm-14516-alHv5rH5/registry.npmjs.org/tsd/-/tsd-0.6.3.tgz
38 http GET https://registry.npmjs.org/tsd/-/tsd-0.6.3.tgz
39 http 200 https://registry.npmjs.org/tsd/-/tsd-0.6.3.tgz
40 silly lockFile 9de42e57-stry-npmjs-org-tsd-tsd-0-6-3-tgz https://registry.npmjs.org/tsd/-/tsd-0.6.3.tgz
41 silly lockFile 9de42e57-stry-npmjs-org-tsd-tsd-0-6-3-tgz https://registry.npmjs.org/tsd/-/tsd-0.6.3.tgz
42 silly lockFile f2daf003-tsd-0-6-3 tsd@0.6.3
43 silly lockFile f2daf003-tsd-0-6-3 tsd@0.6.3
44 silly lockFile ff70fa42-tsd tsd@
45 silly lockFile ff70fa42-tsd tsd@
46 silly resolved [ { name: 'tsd',
46 silly resolved     version: '0.6.3',
46 silly resolved     description: 'TypeScript Definition manager for DefinitelyTyped',
46 silly resolved     keywords: [ 'typescript', 'definition', 'package', 'manager' ],
46 silly resolved     homepage: 'https://github.com/DefinitelyTyped/tsd',
46 silly resolved     repository:
46 silly resolved      { type: 'git',
46 silly resolved        url: 'https://github.com/DefinitelyTyped/tsd.git' },
46 silly resolved     author:
46 silly resolved      { name: 'Bart van der Schoor',
46 silly resolved        url: 'https://github.com/Bartvds' },
46 silly resolved     contributors: [ [Object] ],
46 silly resolved     licenses: [ [Object] ],
46 silly resolved     bugs: { url: 'https://github.com/DefinitelyTyped/tsd/issues' },
46 silly resolved     preferGlobal: true,
46 silly resolved     engines: { node: '>= 0.10.0' },
46 silly resolved     main: './build/api.js',
46 silly resolved     bin: { tsd: './build/cli.js' },
46 silly resolved     scripts: { test: 'grunt test', prepublish: 'grunt pre_publish' },
46 silly resolved     dependencies:
46 silly resolved      { 'assertion-error': '1.0.0',
46 silly resolved        bl: '^0.9.3',
46 silly resolved        bluebird: '~1.2.4',
46 silly resolved        colors: '^1.1.0',
46 silly resolved        'deep-freeze': '0.0.1',
46 silly resolved        'definition-header': '~0.1.0',
46 silly resolved        'detect-indent': '^0.2.0',
46 silly resolved        diff: '^1.4.0',
46 silly resolved        'event-stream': '~3.1.5',
46 silly resolved        exit: '~0.1.2',
46 silly resolved        glob: '^4.0.6',
46 silly resolved        joi: '^4.7.0',
46 silly resolved        'joi-assert': '0.0.3',
46 silly resolved        jsesc: '^0.5.0',
46 silly resolved        'json-pointer': '^0.2.2',
46 silly resolved        'lazy.js': '~0.3.2',
46 silly resolved        'lru-cache': '~2.5.0',
46 silly resolved        minimatch: '^1.0.0',
46 silly resolved        minimist: '^1.1.0',
46 silly resolved        ministyle: '~0.1.3',
46 silly resolved        minitable: '0.0.4',
46 silly resolved        miniwrite: '~0.1.3',
46 silly resolved        mkdirp: '~0.5.0',
46 silly resolved        open: '~0.0.5',
46 silly resolved        request: '^2.45.0',
46 silly resolved        rimraf: '~2.2.8',
46 silly resolved        semver: '^4.3.1',
46 silly resolved        'type-detect': '~0.1.2',
46 silly resolved        'universal-analytics': '~0.3.4',
46 silly resolved        'update-notifier': '^0.2.2',
46 silly resolved        'uri-templates': '~0.1.5',
46 silly resolved        uuid: '^2.0.1',
46 silly resolved        verror: '~1.4.0' },
46 silly resolved     devDependencies:
46 silly resolved      { chai: '~1.9.1',
46 silly resolved        'chai-as-promised': '~4.1.1',
46 silly resolved        'chai-fs': '^0.1.0',
46 silly resolved        'chai-fuzzy': '~1.4.0',
46 silly resolved        'chai-shallow-deep-equal': '0.0.3',
46 silly resolved        grunt: '~0.4.4',
46 silly resolved        'grunt-contrib-clean': '^0.6.0',
46 silly resolved        'grunt-contrib-connect': '~0.8.0',
46 silly resolved        'grunt-contrib-copy': '^0.6.0',
46 silly resolved        'grunt-contrib-jshint': '^0.10.0',
46 silly resolved        'grunt-mocha-test': '^0.12.1',
46 silly resolved        'grunt-regex-replace': '~0.2.5',
46 silly resolved        'grunt-shell': '^1.1.1',
46 silly resolved        'grunt-todos': '~0.3.0',
46 silly resolved        'grunt-ts': '4.1.0',
46 silly resolved        'grunt-ts-clean': '~0.2.0',
46 silly resolved        'grunt-tslint': 'git+https://github.com/Bartvds/grunt-tslint#feature/multi',
46 silly resolved        'grunt-tv4': '~0.4.0',
46 silly resolved        'gruntfile-gtx': '^0.3.0',
46 silly resolved        'jshint-path-reporter': '~0.1',
46 silly resolved        mocha: '^1.21.4',
46 silly resolved        'mocha-unfunk-reporter': '^0.4.0',
46 silly resolved        ncp: '^1.0.1',
46 silly resolved        'package.json-schema': '~0.2.0',
46 silly resolved        'source-map-support': '~0.2.6',
46 silly resolved        'time-grunt': '^1.0.0',
46 silly resolved        'tslint-path-formatter': '~0.1.1',
46 silly resolved        typescript: '^1.1.0-1',
46 silly resolved        'dir-compare': '^0.0.2' },
46 silly resolved     gitHead: '62a698d5953cf41f67c8df8c1b99838034dd0c7c',
46 silly resolved     _id: 'tsd@0.6.3',
46 silly resolved     _shasum: '68e62e19e5bca20e637cae05b999a942d012f2ba',
46 silly resolved     _from: 'tsd@',
46 silly resolved     _npmVersion: '2.11.0',
46 silly resolved     _nodeVersion: '2.2.1',
46 silly resolved     _npmUser: { name: 'blakeembrey', email: 'hello@blakeembrey.com' },
46 silly resolved     maintainers: [ [Object], [Object], [Object], [Object] ],
46 silly resolved     dist:
46 silly resolved      { shasum: '68e62e19e5bca20e637cae05b999a942d012f2ba',
46 silly resolved        tarball: 'http://registry.npmjs.org/tsd/-/tsd-0.6.3.tgz' },
46 silly resolved     directories: {},
46 silly resolved     _resolved: 'https://registry.npmjs.org/tsd/-/tsd-0.6.3.tgz' } ]
47 info install tsd@0.6.3 into /opt/nvm/v0.10.35/lib
48 info installOne tsd@0.6.3
49 verbose lib/node_modules/tsd unbuild
50 verbose tar unpack /home/vagrant/.npm/tsd/0.6.3/package.tgz
51 silly lockFile d7bb2311-vm-v0-10-35-lib-node-modules-tsd tar:///opt/nvm/v0.10.35/lib/node_modules/tsd
52 verbose lock tar:///opt/nvm/v0.10.35/lib/node_modules/tsd /home/vagrant/.npm/d7bb2311-vm-v0-10-35-lib-node-modules-tsd.lock
53 silly lockFile a97e1089-agrant-npm-tsd-0-6-3-package-tgz tar:///home/vagrant/.npm/tsd/0.6.3/package.tgz
54 verbose lock tar:///home/vagrant/.npm/tsd/0.6.3/package.tgz /home/vagrant/.npm/a97e1089-agrant-npm-tsd-0-6-3-package-tgz.lock
55 silly gunzTarPerm modes [ '755', '644' ]
56 error Error: EACCES, mkdir '/opt/nvm/v0.10.35/lib/node_modules/tsd'
56 error  { [Error: EACCES, mkdir '/opt/nvm/v0.10.35/lib/node_modules/tsd']
56 error   errno: 3,
56 error   code: 'EACCES',
56 error   path: '/opt/nvm/v0.10.35/lib/node_modules/tsd',
56 error   fstream_type: 'Directory',
56 error   fstream_path: '/opt/nvm/v0.10.35/lib/node_modules/tsd',
56 error   fstream_class: 'DirWriter',
56 error   fstream_stack:
56 error    [ '/opt/nvm/v0.10.35/lib/node_modules/npm/node_modules/fstream/lib/dir-writer.js:36:23',
56 error      '/opt/nvm/v0.10.35/lib/node_modules/npm/node_modules/mkdirp/index.js:46:53',
56 error      'Object.oncomplete (fs.js:108:15)' ] }
57 error Please try running this command again as root/Administrator.
58 error System Linux 3.13.0-24-generic
59 error command "/opt/nvm/v0.10.35/bin/node" "/opt/nvm/v0.10.35/bin/npm" "install" "-g" "tsd"
60 error cwd /vagrant/host-manager/src
61 error node -v v0.10.35
62 error npm -v 1.4.28
63 error path /opt/nvm/v0.10.35/lib/node_modules/tsd
64 error fstream_path /opt/nvm/v0.10.35/lib/node_modules/tsd
65 error fstream_type Directory
66 error fstream_class DirWriter
67 error code EACCES
68 error errno 3
69 error stack Error: EACCES, mkdir '/opt/nvm/v0.10.35/lib/node_modules/tsd'
70 error fstream_stack /opt/nvm/v0.10.35/lib/node_modules/npm/node_modules/fstream/lib/dir-writer.js:36:23
70 error fstream_stack /opt/nvm/v0.10.35/lib/node_modules/npm/node_modules/mkdirp/index.js:46:53
70 error fstream_stack Object.oncomplete (fs.js:108:15)
71 verbose exit [ 3, true ]
